2024-10-14 10:21:58 dev [[32minfo[39m]: Time taken to process / is: 7376for ip: ::ffff:127.0.0.1
2024-10-14 10:22:04 dev [[32minfo[39m]: Time taken to process /favicon.ico is: 4157for ip: ::ffff:127.0.0.1
2024-11-12 13:17:52 dev [[31merror[39m]: 
Invalid `this.prisma.user.create()` invocation in
C:\VSTS\ExpressProject\BookLibrary\src\Infrastructure\Repositories\userRepository.ts:16:39

  13 }
  14 
  15 async addUser(user: User): Promise<User> {
→ 16     return await this.prisma.user.create({
           data: {
             id: "732A69B0-61BF-427A-98B1-5D3F2CFFFFD1",
             firstName: "Vivek",
             lastName: "Kale",
             email: "vk@gmail.com",
             userName: "vivek.kale",
             password: "Vkale@1234",
             updatedAt: "2023-12-08 11:57:08.8670000",
                        ~~~~~~~~~~~~~~~~~~~~~~~~~~~~~
             createdAt: "2023-12-08 11:57:08.8670000"
           }
         })

Invalid value for argument `updatedAt`: premature end of input. Expected ISO-8601 DateTime.
2024-11-12 13:17:52 dev [[32minfo[39m]: Time taken to process /User/AddUser is: 41090for ip: ::1
2024-11-12 13:44:18 dev [[32minfo[39m]: Time taken to process /account/login is: 6927for ip: ::1
2024-11-12 13:46:03 dev [[31merror[39m]: 
Invalid `this.prisma.user.create()` invocation in
C:\VSTS\ExpressProject\BookLibrary\src\Infrastructure\Repositories\userRepository.ts:16:39

  13 }
  14 
  15 async addUser(user: User): Promise<User> {
→ 16     return await this.prisma.user.create({
           data: {
             id: "732A69B0-61BF-427A-98B1-5D3F2CFFFFD1",
             firstName: "Vivek",
             lastName: "Kale",
             email: "vk@gmail.com",
             userName: "vivek.kale",
             password: "Vkale@1234",
             updatedAt: "2023-12-08 11:57:08.8670000",
                        ~~~~~~~~~~~~~~~~~~~~~~~~~~~~~
             createdAt: "2023-12-08 11:57:08.8670000"
           }
         })

Invalid value for argument `updatedAt`: premature end of input. Expected ISO-8601 DateTime.
2024-11-12 13:46:03 dev [[32minfo[39m]: Time taken to process /User/AddUser is: 92739for ip: ::1
2024-11-12 13:56:49 dev [[32minfo[39m]: Time taken to process /User/AddUser is: 44183for ip: ::1
2024-11-12 13:56:55 dev [[32minfo[39m]: 250 2.0.0 OK  1731400015 ffacd0b85a97d-381ed9ec272sm15034854f8f.85 - gsmtp
2024-11-12 14:02:41 dev [[32minfo[39m]: Time taken to process /User/AddUser is: 6868for ip: ::1
2024-11-12 14:02:47 dev [[32minfo[39m]: 250 2.0.0 OK  1731400367 ffacd0b85a97d-381ed97f544sm14913400f8f.40 - gsmtp
